This file contains any messages produced by compilers while
running configure, to aid debugging if configure makes a mistake.

configure:528: checking for gcc
configure:605: checking whether the C compiler (gcc  ) works
configure:619: gcc -o conftest    conftest.c  1>&5
configure:639: checking whether the C compiler (gcc  ) is a cross-compiler
configure:644: checking whether we are using GNU C
configure:668: checking whether gcc accepts -g
configure:700: checking for c++
configure:731: checking whether the C++ compiler (c++  ) works
configure:745: c++ -o conftest    conftest.C  1>&5
configure:771: checking whether the C++ compiler (c++  ) is a cross-compiler
configure:776: checking whether we are using GNU C++
configure:800: checking whether c++ accepts -g
configure:857: checking for a BSD compatible install
configure:907: checking whether make sets ${MAKE}
configure:936: checking for ranlib
configure:967: checking for perl5.003
configure:1004: checking for etags
configure:1035: checking for socket in -lnsl
configure:1083: checking for socket in -lsocket
configure:1132: checking how to run the C preprocessor
configure:1193: checking for ANSI C header files
configure:1297: checking for sys/wait.h that is POSIX.1 compatible
configure:1342: checking for fcntl.h
configure:1342: checking for syslog.h
configure:1342: checking for unistd.h
configure:1342: checking for memory.h
configure:1380: checking for working const
configure:1455: checking for inline
configure:1495: checking for off_t
configure:1528: checking for size_t
configure:1561: checking whether time.h and sys/time.h may both be included
configure:1598: checking whether gcc needs -traditional
configure:1644: checking return type of signal handlers
configure:1685: checking for vprintf
configure:1792: checking for getcwd
configure:1792: checking for mkdir
configure:1792: checking for select
configure:1792: checking for socket
configure:1792: checking for strdup
configure:1792: checking for strerror
configure:1792: checking for vfprintf
configure:1848: checking for vsyslog
